{"C:\\Users\\romai\\Desktop\\webdev\\src\\App.js": {"path":"C:\\Users\\romai\\Desktop\\webdev\\src\\App.js","statementMap":{"0":{"start":{"line":13,"column":34},"end":{"line":16,"column":4}},"1":{"start":{"line":14,"column":26},"end":{"line":14,"column":58}},"2":{"start":{"line":15,"column":4},"end":{"line":15,"column":61}},"3":{"start":{"line":18,"column":25},"end":{"line":22,"column":3}},"4":{"start":{"line":19,"column":24},"end":{"line":19,"column":33}},"5":{"start":{"line":20,"column":4},"end":{"line":20,"column":29}},"6":{"start":{"line":21,"column":4},"end":{"line":21,"column":66}},"7":{"start":{"line":24,"column":2},"end":{"line":30,"column":17}},"8":{"start":{"line":25,"column":4},"end":{"line":29,"column":5}},"9":{"start":{"line":26,"column":6},"end":{"line":26,"column":47}},"10":{"start":{"line":28,"column":6},"end":{"line":28,"column":50}},"11":{"start":{"line":32,"column":2},"end":{"line":48,"column":4}}},"fnMap":{"0":{"name":"App","decl":{"start":{"line":12,"column":9},"end":{"line":12,"column":12}},"loc":{"start":{"line":12,"column":15},"end":{"line":49,"column":1}},"line":12},"1":{"name":"(anonymous_1)","decl":{"start":{"line":13,"column":43},"end":{"line":13,"column":44}},"loc":{"start":{"line":13,"column":49},"end":{"line":16,"column":3}},"line":13},"2":{"name":"(anonymous_2)","decl":{"start":{"line":18,"column":25},"end":{"line":18,"column":26}},"loc":{"start":{"line":18,"column":31},"end":{"line":22,"column":3}},"line":18},"3":{"name":"(anonymous_3)","decl":{"start":{"line":24,"column":12},"end":{"line":24,"column":13}},"loc":{"start":{"line":24,"column":18},"end":{"line":30,"column":3}},"line":24}},"branchMap":{"0":{"loc":{"start":{"line":15,"column":11},"end":{"line":15,"column":60}},"type":"cond-expr","locations":[{"start":{"line":15,"column":27},"end":{"line":15,"column":52}},{"start":{"line":15,"column":55},"end":{"line":15,"column":60}}],"line":15},"1":{"loc":{"start":{"line":25,"column":4},"end":{"line":29,"column":5}},"type":"if","locations":[{"start":{"line":25,"column":4},"end":{"line":29,"column":5}},{"start":{"line":27,"column":11},"end":{"line":29,"column":5}}],"line":25}},"s":{"0":3,"1":2,"2":2,"3":3,"4":1,"5":1,"6":1,"7":3,"8":3,"9":1,"10":2,"11":3},"f":{"0":3,"1":2,"2":1,"3":3},"b":{"0":[0,2],"1":[1,2]},"_coverageSchema":"1a1c01bbd47fc00a2c39e90264f33305004495a9","hash":"9cec14754b59cf68c2da7ba5b208497eda033c44"}
,"C:\\Users\\romai\\Desktop\\webdev\\src\\index.js": {"path":"C:\\Users\\romai\\Desktop\\webdev\\src\\index.js","statementMap":{"0":{"start":{"line":6,"column":13},"end":{"line":6,"column":65}},"1":{"start":{"line":7,"column":0},"end":{"line":11,"column":2}}},"fnMap":{},"branchMap":{},"s":{"0":0,"1":0},"f":{},"b":{}}
,"C:\\Users\\romai\\Desktop\\webdev\\src\\components\\ItemsPerPage.js": {"path":"C:\\Users\\romai\\Desktop\\webdev\\src\\components\\ItemsPerPage.js","statementMap":{"0":{"start":{"line":4,"column":21},"end":{"line":20,"column":1}},"1":{"start":{"line":5,"column":4},"end":{"line":19,"column":6}},"2":{"start":{"line":10,"column":33},"end":{"line":10,"column":74}}},"fnMap":{"0":{"name":"(anonymous_0)","decl":{"start":{"line":4,"column":21},"end":{"line":4,"column":22}},"loc":{"start":{"line":4,"column":73},"end":{"line":20,"column":1}},"line":4},"1":{"name":"(anonymous_1)","decl":{"start":{"line":10,"column":26},"end":{"line":10,"column":27}},"loc":{"start":{"line":10,"column":33},"end":{"line":10,"column":74}},"line":10}},"branchMap":{},"s":{"0":1,"1":14,"2":0},"f":{"0":14,"1":0},"b":{},"_coverageSchema":"1a1c01bbd47fc00a2c39e90264f33305004495a9","hash":"0415b09a9a85f90817e54d69c31003a5ba735406"}
,"C:\\Users\\romai\\Desktop\\webdev\\src\\components\\footer.js": {"path":"C:\\Users\\romai\\Desktop\\webdev\\src\\components\\footer.js","statementMap":{"0":{"start":{"line":5,"column":2},"end":{"line":10,"column":4}}},"fnMap":{"0":{"name":"Footer","decl":{"start":{"line":4,"column":9},"end":{"line":4,"column":15}},"loc":{"start":{"line":4,"column":18},"end":{"line":11,"column":1}},"line":4}},"branchMap":{},"s":{"0":3},"f":{"0":3},"b":{},"_coverageSchema":"1a1c01bbd47fc00a2c39e90264f33305004495a9","hash":"f33a5a7ce3af75f2663fb84c5835c0a77e62be19"}
,"C:\\Users\\romai\\Desktop\\webdev\\src\\components\\header.js": {"path":"C:\\Users\\romai\\Desktop\\webdev\\src\\components\\header.js","statementMap":{"0":{"start":{"line":8,"column":19},"end":{"line":8,"column":32}},"1":{"start":{"line":9,"column":32},"end":{"line":9,"column":44}},"2":{"start":{"line":10,"column":34},"end":{"line":10,"column":49}},"3":{"start":{"line":12,"column":23},"end":{"line":15,"column":3}},"4":{"start":{"line":13,"column":4},"end":{"line":13,"column":23}},"5":{"start":{"line":14,"column":4},"end":{"line":14,"column":40}},"6":{"start":{"line":17,"column":28},"end":{"line":19,"column":3}},"7":{"start":{"line":18,"column":4},"end":{"line":18,"column":34}},"8":{"start":{"line":21,"column":31},"end":{"line":23,"column":3}},"9":{"start":{"line":22,"column":4},"end":{"line":22,"column":30}},"10":{"start":{"line":25,"column":21},"end":{"line":27,"column":3}},"11":{"start":{"line":26,"column":4},"end":{"line":26,"column":27}},"12":{"start":{"line":29,"column":2},"end":{"line":74,"column":4}}},"fnMap":{"0":{"name":"Header","decl":{"start":{"line":7,"column":9},"end":{"line":7,"column":15}},"loc":{"start":{"line":7,"column":46},"end":{"line":75,"column":1}},"line":7},"1":{"name":"(anonymous_1)","decl":{"start":{"line":12,"column":23},"end":{"line":12,"column":24}},"loc":{"start":{"line":12,"column":30},"end":{"line":15,"column":3}},"line":12},"2":{"name":"(anonymous_2)","decl":{"start":{"line":17,"column":28},"end":{"line":17,"column":29}},"loc":{"start":{"line":17,"column":35},"end":{"line":19,"column":3}},"line":17},"3":{"name":"(anonymous_3)","decl":{"start":{"line":21,"column":31},"end":{"line":21,"column":32}},"loc":{"start":{"line":21,"column":37},"end":{"line":23,"column":3}},"line":21},"4":{"name":"(anonymous_4)","decl":{"start":{"line":25,"column":21},"end":{"line":25,"column":22}},"loc":{"start":{"line":25,"column":27},"end":{"line":27,"column":3}},"line":25}},"branchMap":{"0":{"loc":{"start":{"line":30,"column":26},"end":{"line":30,"column":53}},"type":"cond-expr","locations":[{"start":{"line":30,"column":37},"end":{"line":30,"column":48}},{"start":{"line":30,"column":51},"end":{"line":30,"column":53}}],"line":30},"1":{"loc":{"start":{"line":30,"column":57},"end":{"line":30,"column":86}},"type":"cond-expr","locations":[{"start":{"line":30,"column":68},"end":{"line":30,"column":81}},{"start":{"line":30,"column":84},"end":{"line":30,"column":86}}],"line":30},"2":{"loc":{"start":{"line":51,"column":44},"end":{"line":51,"column":71}},"type":"cond-expr","locations":[{"start":{"line":51,"column":55},"end":{"line":51,"column":66}},{"start":{"line":51,"column":69},"end":{"line":51,"column":71}}],"line":51}},"s":{"0":3,"1":3,"2":3,"3":3,"4":0,"5":0,"6":3,"7":0,"8":3,"9":1,"10":3,"11":0,"12":3},"f":{"0":3,"1":0,"2":0,"3":1,"4":0},"b":{"0":[1,2],"1":[0,3],"2":[1,2]},"_coverageSchema":"1a1c01bbd47fc00a2c39e90264f33305004495a9","hash":"631a4da4d8a144aeb0836428a522b8a0583c1285"}
,"C:\\Users\\romai\\Desktop\\webdev\\src\\components\\pagination.js": {"path":"C:\\Users\\romai\\Desktop\\webdev\\src\\components\\pagination.js","statementMap":{"0":{"start":{"line":4,"column":19},"end":{"line":24,"column":1}},"1":{"start":{"line":5,"column":21},"end":{"line":5,"column":57}},"2":{"start":{"line":7,"column":2},"end":{"line":23,"column":4}}},"fnMap":{"0":{"name":"(anonymous_0)","decl":{"start":{"line":4,"column":19},"end":{"line":4,"column":20}},"loc":{"start":{"line":4,"column":86},"end":{"line":24,"column":1}},"line":4}},"branchMap":{"0":{"loc":{"start":{"line":11,"column":40},"end":{"line":11,"column":75}},"type":"cond-expr","locations":[{"start":{"line":11,"column":60},"end":{"line":11,"column":70}},{"start":{"line":11,"column":73},"end":{"line":11,"column":75}}],"line":11},"1":{"loc":{"start":{"line":17,"column":40},"end":{"line":17,"column":84}},"type":"cond-expr","locations":[{"start":{"line":17,"column":69},"end":{"line":17,"column":79}},{"start":{"line":17,"column":82},"end":{"line":17,"column":84}}],"line":17}},"s":{"0":1,"1":14,"2":14},"f":{"0":14},"b":{"0":[14,0],"1":[0,14]},"_coverageSchema":"1a1c01bbd47fc00a2c39e90264f33305004495a9","hash":"e77becf419c535a42ab4e0b2c161e766ccef544a"}
,"C:\\Users\\romai\\Desktop\\webdev\\src\\pages\\home.js": {"path":"C:\\Users\\romai\\Desktop\\webdev\\src\\pages\\home.js","statementMap":{"0":{"start":{"line":4,"column":22},"end":{"line":42,"column":1}},"1":{"start":{"line":5,"column":32},"end":{"line":5,"column":44}},"2":{"start":{"line":6,"column":32},"end":{"line":6,"column":46}},"3":{"start":{"line":7,"column":28},"end":{"line":7,"column":42}},"4":{"start":{"line":9,"column":2},"end":{"line":23,"column":9}},"5":{"start":{"line":10,"column":31},"end":{"line":20,"column":5}},"6":{"start":{"line":11,"column":6},"end":{"line":19,"column":7}},"7":{"start":{"line":12,"column":25},"end":{"line":12,"column":90}},"8":{"start":{"line":13,"column":21},"end":{"line":13,"column":42}},"9":{"start":{"line":14,"column":8},"end":{"line":14,"column":25}},"10":{"start":{"line":15,"column":8},"end":{"line":15,"column":26}},"11":{"start":{"line":17,"column":8},"end":{"line":17,"column":50}},"12":{"start":{"line":18,"column":8},"end":{"line":18,"column":26}},"13":{"start":{"line":22,"column":4},"end":{"line":22,"column":25}},"14":{"start":{"line":25,"column":2},"end":{"line":41,"column":4}},"15":{"start":{"line":33,"column":10},"end":{"line":37,"column":15}}},"fnMap":{"0":{"name":"(anonymous_0)","decl":{"start":{"line":4,"column":22},"end":{"line":4,"column":23}},"loc":{"start":{"line":4,"column":28},"end":{"line":42,"column":1}},"line":4},"1":{"name":"(anonymous_1)","decl":{"start":{"line":9,"column":12},"end":{"line":9,"column":13}},"loc":{"start":{"line":9,"column":18},"end":{"line":23,"column":3}},"line":9},"2":{"name":"(anonymous_2)","decl":{"start":{"line":10,"column":31},"end":{"line":10,"column":32}},"loc":{"start":{"line":10,"column":43},"end":{"line":20,"column":5}},"line":10},"3":{"name":"(anonymous_3)","decl":{"start":{"line":32,"column":21},"end":{"line":32,"column":22}},"loc":{"start":{"line":33,"column":10},"end":{"line":37,"column":15}},"line":33}},"branchMap":{"0":{"loc":{"start":{"line":28,"column":7},"end":{"line":29,"column":48}},"type":"binary-expr","locations":[{"start":{"line":28,"column":7},"end":{"line":28,"column":14}},{"start":{"line":28,"column":18},"end":{"line":29,"column":48}}],"line":28},"1":{"loc":{"start":{"line":30,"column":7},"end":{"line":30,"column":30}},"type":"binary-expr","locations":[{"start":{"line":30,"column":7},"end":{"line":30,"column":12}},{"start":{"line":30,"column":16},"end":{"line":30,"column":30}}],"line":30}},"s":{"0":1,"1":3,"2":3,"3":3,"4":3,"5":2,"6":2,"7":2,"8":0,"9":0,"10":0,"11":0,"12":0,"13":2,"14":3,"15":0},"f":{"0":3,"1":2,"2":2,"3":0},"b":{"0":[3,3],"1":[3,0]},"_coverageSchema":"1a1c01bbd47fc00a2c39e90264f33305004495a9","hash":"d1d84ce5da32f743bb97af8c08644f76ea5d39b4"}
,"C:\\Users\\romai\\Desktop\\webdev\\src\\pages\\oeuvresPage.js": {"path":"C:\\Users\\romai\\Desktop\\webdev\\src\\pages\\oeuvresPage.js","statementMap":{"0":{"start":{"line":4,"column":18},"end":{"line":9,"column":1}},"1":{"start":{"line":5,"column":2},"end":{"line":5,"column":23}},"2":{"start":{"line":5,"column":13},"end":{"line":5,"column":23}},"3":{"start":{"line":6,"column":20},"end":{"line":6,"column":48}},"4":{"start":{"line":7,"column":28},"end":{"line":7,"column":62}},"5":{"start":{"line":8,"column":2},"end":{"line":8,"column":27}},"6":{"start":{"line":11,"column":20},"end":{"line":104,"column":1}},"7":{"start":{"line":12,"column":19},"end":{"line":12,"column":32}},"8":{"start":{"line":13,"column":23},"end":{"line":13,"column":59}},"9":{"start":{"line":14,"column":14},"end":{"line":14,"column":37}},"10":{"start":{"line":15,"column":44},"end":{"line":15,"column":58}},"11":{"start":{"line":16,"column":50},"end":{"line":16,"column":62}},"12":{"start":{"line":17,"column":32},"end":{"line":17,"column":46}},"13":{"start":{"line":18,"column":34},"end":{"line":18,"column":49}},"14":{"start":{"line":20,"column":2},"end":{"line":57,"column":12}},"15":{"start":{"line":21,"column":22},"end":{"line":54,"column":5}},"16":{"start":{"line":22,"column":6},"end":{"line":53,"column":7}},"17":{"start":{"line":23,"column":25},"end":{"line":25,"column":9}},"18":{"start":{"line":26,"column":21},"end":{"line":26,"column":42}},"19":{"start":{"line":27,"column":28},"end":{"line":27,"column":40}},"20":{"start":{"line":28,"column":23},"end":{"line":34,"column":9}},"21":{"start":{"line":35,"column":8},"end":{"line":35,"column":33}},"22":{"start":{"line":36,"column":8},"end":{"line":36,"column":26}},"23":{"start":{"line":38,"column":34},"end":{"line":38,"column":184}},"24":{"start":{"line":39,"column":30},"end":{"line":39,"column":60}},"25":{"start":{"line":40,"column":22},"end":{"line":40,"column":47}},"26":{"start":{"line":41,"column":32},"end":{"line":41,"column":60}},"27":{"start":{"line":43,"column":8},"end":{"line":48,"column":9}},"28":{"start":{"line":44,"column":26},"end":{"line":44,"column":93}},"29":{"start":{"line":45,"column":10},"end":{"line":45,"column":39}},"30":{"start":{"line":47,"column":10},"end":{"line":47,"column":72}},"31":{"start":{"line":50,"column":8},"end":{"line":50,"column":63}},"32":{"start":{"line":51,"column":8},"end":{"line":51,"column":26}},"33":{"start":{"line":52,"column":8},"end":{"line":52,"column":26}},"34":{"start":{"line":56,"column":4},"end":{"line":56,"column":16}},"35":{"start":{"line":59,"column":2},"end":{"line":61,"column":3}},"36":{"start":{"line":60,"column":4},"end":{"line":60,"column":33}},"37":{"start":{"line":63,"column":2},"end":{"line":65,"column":3}},"38":{"start":{"line":64,"column":4},"end":{"line":64,"column":79}},"39":{"start":{"line":67,"column":2},"end":{"line":69,"column":3}},"40":{"start":{"line":68,"column":4},"end":{"line":68,"column":54}},"41":{"start":{"line":71,"column":71},"end":{"line":71,"column":84}},"42":{"start":{"line":73,"column":2},"end":{"line":103,"column":4}}},"fnMap":{"0":{"name":"(anonymous_0)","decl":{"start":{"line":4,"column":18},"end":{"line":4,"column":19}},"loc":{"start":{"line":4,"column":28},"end":{"line":9,"column":1}},"line":4},"1":{"name":"(anonymous_1)","decl":{"start":{"line":11,"column":20},"end":{"line":11,"column":21}},"loc":{"start":{"line":11,"column":26},"end":{"line":104,"column":1}},"line":11},"2":{"name":"(anonymous_2)","decl":{"start":{"line":20,"column":12},"end":{"line":20,"column":13}},"loc":{"start":{"line":20,"column":18},"end":{"line":57,"column":3}},"line":20},"3":{"name":"(anonymous_3)","decl":{"start":{"line":21,"column":22},"end":{"line":21,"column":23}},"loc":{"start":{"line":21,"column":34},"end":{"line":54,"column":5}},"line":21}},"branchMap":{"0":{"loc":{"start":{"line":5,"column":2},"end":{"line":5,"column":23}},"type":"if","locations":[{"start":{"line":5,"column":2},"end":{"line":5,"column":23}},{"start":{},"end":{}}],"line":5},"1":{"loc":{"start":{"line":30,"column":23},"end":{"line":30,"column":102}},"type":"cond-expr","locations":[{"start":{"line":30,"column":49},"end":{"line":30,"column":83}},{"start":{"line":30,"column":86},"end":{"line":30,"column":102}}],"line":30},"2":{"loc":{"start":{"line":33,"column":19},"end":{"line":33,"column":83}},"type":"cond-expr","locations":[{"start":{"line":33,"column":41},"end":{"line":33,"column":63}},{"start":{"line":33,"column":66},"end":{"line":33,"column":83}}],"line":33},"3":{"loc":{"start":{"line":43,"column":8},"end":{"line":48,"column":9}},"type":"if","locations":[{"start":{"line":43,"column":8},"end":{"line":48,"column":9}},{"start":{"line":46,"column":15},"end":{"line":48,"column":9}}],"line":43},"4":{"loc":{"start":{"line":43,"column":12},"end":{"line":43,"column":62}},"type":"binary-expr","locations":[{"start":{"line":43,"column":12},"end":{"line":43,"column":27}},{"start":{"line":43,"column":31},"end":{"line":43,"column":62}}],"line":43},"5":{"loc":{"start":{"line":44,"column":26},"end":{"line":44,"column":93}},"type":"binary-expr","locations":[{"start":{"line":44,"column":26},"end":{"line":44,"column":49}},{"start":{"line":44,"column":53},"end":{"line":44,"column":93}}],"line":44},"6":{"loc":{"start":{"line":59,"column":2},"end":{"line":61,"column":3}},"type":"if","locations":[{"start":{"line":59,"column":2},"end":{"line":61,"column":3}},{"start":{},"end":{}}],"line":59},"7":{"loc":{"start":{"line":63,"column":2},"end":{"line":65,"column":3}},"type":"if","locations":[{"start":{"line":63,"column":2},"end":{"line":65,"column":3}},{"start":{},"end":{}}],"line":63},"8":{"loc":{"start":{"line":67,"column":2},"end":{"line":69,"column":3}},"type":"if","locations":[{"start":{"line":67,"column":2},"end":{"line":69,"column":3}},{"start":{},"end":{}}],"line":67},"9":{"loc":{"start":{"line":77,"column":11},"end":{"line":90,"column":11}},"type":"cond-expr","locations":[{"start":{"line":78,"column":12},"end":{"line":82,"column":14}},{"start":{"line":85,"column":12},"end":{"line":89,"column":14}}],"line":77}},"s":{"0":1,"1":0,"2":0,"3":0,"4":0,"5":0,"6":1,"7":1,"8":1,"9":1,"10":1,"11":1,"12":1,"13":1,"14":1,"15":1,"16":1,"17":1,"18":0,"19":0,"20":0,"21":0,"22":0,"23":0,"24":0,"25":0,"26":0,"27":0,"28":0,"29":0,"30":0,"31":0,"32":0,"33":0,"34":1,"35":1,"36":1,"37":0,"38":0,"39":0,"40":0,"41":0,"42":0},"f":{"0":0,"1":1,"2":1,"3":1},"b":{"0":[0,0],"1":[0,0],"2":[0,0],"3":[0,0],"4":[0,0],"5":[0,0],"6":[1,0],"7":[0,0],"8":[0,0],"9":[0,0]},"_coverageSchema":"1a1c01bbd47fc00a2c39e90264f33305004495a9","hash":"6194a3cf0b5b28f97c2eba0ee4712ad0f67de09d"}
,"C:\\Users\\romai\\Desktop\\webdev\\src\\pages\\pageNotFound.js": {"path":"C:\\Users\\romai\\Desktop\\webdev\\src\\pages\\pageNotFound.js","statementMap":{"0":{"start":{"line":3,"column":17},"end":{"line":9,"column":1}},"1":{"start":{"line":4,"column":4},"end":{"line":8,"column":6}}},"fnMap":{"0":{"name":"(anonymous_0)","decl":{"start":{"line":3,"column":17},"end":{"line":3,"column":18}},"loc":{"start":{"line":3,"column":23},"end":{"line":9,"column":1}},"line":3}},"branchMap":{},"s":{"0":1,"1":0},"f":{"0":0},"b":{},"_coverageSchema":"1a1c01bbd47fc00a2c39e90264f33305004495a9","hash":"65717abfc463b3b34fbd7cfb217d1b5e93ebbe7b"}
,"C:\\Users\\romai\\Desktop\\webdev\\src\\pages\\recherche.js": {"path":"C:\\Users\\romai\\Desktop\\webdev\\src\\pages\\recherche.js","statementMap":{"0":{"start":{"line":7,"column":18},"end":{"line":128,"column":1}},"1":{"start":{"line":8,"column":19},"end":{"line":8,"column":32}},"2":{"start":{"line":9,"column":23},"end":{"line":9,"column":59}},"3":{"start":{"line":10,"column":15},"end":{"line":10,"column":39}},"4":{"start":{"line":11,"column":32},"end":{"line":11,"column":46}},"5":{"start":{"line":12,"column":34},"end":{"line":12,"column":49}},"6":{"start":{"line":13,"column":40},"end":{"line":13,"column":51}},"7":{"start":{"line":14,"column":42},"end":{"line":14,"column":54}},"8":{"start":{"line":15,"column":40},"end":{"line":15,"column":55}},"9":{"start":{"line":16,"column":44},"end":{"line":16,"column":56}},"10":{"start":{"line":18,"column":2},"end":{"line":34,"column":13}},"11":{"start":{"line":19,"column":22},"end":{"line":31,"column":5}},"12":{"start":{"line":20,"column":6},"end":{"line":30,"column":7}},"13":{"start":{"line":21,"column":8},"end":{"line":21,"column":25}},"14":{"start":{"line":22,"column":8},"end":{"line":22,"column":27}},"15":{"start":{"line":23,"column":25},"end":{"line":23,"column":89}},"16":{"start":{"line":24,"column":21},"end":{"line":24,"column":42}},"17":{"start":{"line":25,"column":8},"end":{"line":25,"column":36}},"18":{"start":{"line":27,"column":8},"end":{"line":27,"column":26}},"19":{"start":{"line":29,"column":8},"end":{"line":29,"column":26}},"20":{"start":{"line":33,"column":4},"end":{"line":33,"column":16}},"21":{"start":{"line":36,"column":2},"end":{"line":50,"column":34}},"22":{"start":{"line":37,"column":26},"end":{"line":47,"column":5}},"23":{"start":{"line":38,"column":6},"end":{"line":46,"column":7}},"24":{"start":{"line":39,"column":8},"end":{"line":39,"column":29}},"25":{"start":{"line":40,"column":8},"end":{"line":40,"column":27}},"26":{"start":{"line":41,"column":8},"end":{"line":41,"column":64}},"27":{"start":{"line":41,"column":37},"end":{"line":41,"column":62}},"28":{"start":{"line":42,"column":8},"end":{"line":42,"column":30}},"29":{"start":{"line":44,"column":8},"end":{"line":44,"column":26}},"30":{"start":{"line":45,"column":8},"end":{"line":45,"column":30}},"31":{"start":{"line":49,"column":4},"end":{"line":49,"column":20}},"32":{"start":{"line":52,"column":27},"end":{"line":52,"column":59}},"33":{"start":{"line":53,"column":26},"end":{"line":53,"column":57}},"34":{"start":{"line":54,"column":23},"end":{"line":54,"column":109}},"35":{"start":{"line":56,"column":21},"end":{"line":56,"column":67}},"36":{"start":{"line":58,"column":19},"end":{"line":60,"column":3}},"37":{"start":{"line":59,"column":4},"end":{"line":59,"column":36}},"38":{"start":{"line":62,"column":19},"end":{"line":66,"column":3}},"39":{"start":{"line":63,"column":4},"end":{"line":65,"column":5}},"40":{"start":{"line":64,"column":6},"end":{"line":64,"column":38}},"41":{"start":{"line":68,"column":2},"end":{"line":127,"column":4}},"42":{"start":{"line":80,"column":24},"end":{"line":105,"column":30}}},"fnMap":{"0":{"name":"(anonymous_0)","decl":{"start":{"line":7,"column":18},"end":{"line":7,"column":19}},"loc":{"start":{"line":7,"column":24},"end":{"line":128,"column":1}},"line":7},"1":{"name":"(anonymous_1)","decl":{"start":{"line":18,"column":12},"end":{"line":18,"column":13}},"loc":{"start":{"line":18,"column":18},"end":{"line":34,"column":3}},"line":18},"2":{"name":"(anonymous_2)","decl":{"start":{"line":19,"column":22},"end":{"line":19,"column":23}},"loc":{"start":{"line":19,"column":34},"end":{"line":31,"column":5}},"line":19},"3":{"name":"(anonymous_3)","decl":{"start":{"line":36,"column":12},"end":{"line":36,"column":13}},"loc":{"start":{"line":36,"column":18},"end":{"line":50,"column":3}},"line":36},"4":{"name":"(anonymous_4)","decl":{"start":{"line":37,"column":26},"end":{"line":37,"column":27}},"loc":{"start":{"line":37,"column":38},"end":{"line":47,"column":5}},"line":37},"5":{"name":"(anonymous_5)","decl":{"start":{"line":41,"column":26},"end":{"line":41,"column":27}},"loc":{"start":{"line":41,"column":37},"end":{"line":41,"column":62}},"line":41},"6":{"name":"(anonymous_6)","decl":{"start":{"line":58,"column":19},"end":{"line":58,"column":20}},"loc":{"start":{"line":58,"column":25},"end":{"line":60,"column":3}},"line":58},"7":{"name":"(anonymous_7)","decl":{"start":{"line":62,"column":19},"end":{"line":62,"column":20}},"loc":{"start":{"line":62,"column":25},"end":{"line":66,"column":3}},"line":62},"8":{"name":"(anonymous_8)","decl":{"start":{"line":79,"column":38},"end":{"line":79,"column":39}},"loc":{"start":{"line":80,"column":24},"end":{"line":105,"column":30}},"line":80}},"branchMap":{"0":{"loc":{"start":{"line":63,"column":4},"end":{"line":65,"column":5}},"type":"if","locations":[{"start":{"line":63,"column":4},"end":{"line":65,"column":5}},{"start":{},"end":{}}],"line":63},"1":{"loc":{"start":{"line":70,"column":9},"end":{"line":112,"column":9}},"type":"cond-expr","locations":[{"start":{"line":71,"column":11},"end":{"line":72,"column":48}},{"start":{"line":73,"column":12},"end":{"line":112,"column":9}}],"line":70},"2":{"loc":{"start":{"line":73,"column":12},"end":{"line":112,"column":9}},"type":"cond-expr","locations":[{"start":{"line":74,"column":12},"end":{"line":74,"column":53}},{"start":{"line":76,"column":12},"end":{"line":111,"column":13}}],"line":73},"3":{"loc":{"start":{"line":76,"column":12},"end":{"line":111,"column":13}},"type":"cond-expr","locations":[{"start":{"line":77,"column":16},"end":{"line":108,"column":22}},{"start":{"line":110,"column":16},"end":{"line":110,"column":40}}],"line":76},"4":{"loc":{"start":{"line":84,"column":33},"end":{"line":97,"column":33}},"type":"cond-expr","locations":[{"start":{"line":85,"column":36},"end":{"line":89,"column":38}},{"start":{"line":92,"column":36},"end":{"line":96,"column":38}}],"line":84},"5":{"loc":{"start":{"line":101,"column":67},"end":{"line":101,"column":136}},"type":"cond-expr","locations":[{"start":{"line":101,"column":88},"end":{"line":101,"column":117}},{"start":{"line":101,"column":120},"end":{"line":101,"column":136}}],"line":101}},"s":{"0":1,"1":9,"2":9,"3":9,"4":9,"5":9,"6":9,"7":9,"8":9,"9":9,"10":9,"11":3,"12":3,"13":3,"14":3,"15":3,"16":2,"17":2,"18":1,"19":3,"20":3,"21":9,"22":3,"23":3,"24":3,"25":3,"26":3,"27":3,"28":0,"29":0,"30":0,"31":3,"32":9,"33":9,"34":9,"35":9,"36":9,"37":0,"38":9,"39":0,"40":0,"41":9,"42":2},"f":{"0":9,"1":3,"2":3,"3":3,"4":3,"5":3,"6":0,"7":0,"8":2},"b":{"0":[0,0],"1":[6,3],"2":[1,2],"3":[1,1],"4":[2,0],"5":[2,0]},"_coverageSchema":"1a1c01bbd47fc00a2c39e90264f33305004495a9","hash":"03f3fb806751f504110d2f0472f0786c9529d95b"}
,"C:\\Users\\romai\\Desktop\\webdev\\src\\pages\\rechercheAvancée.js": {"path":"C:\\Users\\romai\\Desktop\\webdev\\src\\pages\\rechercheAvancée.js","statementMap":{"0":{"start":{"line":7,"column":23},"end":{"line":174,"column":1}},"1":{"start":{"line":8,"column":19},"end":{"line":8,"column":36}},"2":{"start":{"line":9,"column":28},"end":{"line":9,"column":40}},"3":{"start":{"line":10,"column":30},"end":{"line":10,"column":42}},"4":{"start":{"line":11,"column":26},"end":{"line":11,"column":38}},"5":{"start":{"line":12,"column":38},"end":{"line":12,"column":59}},"6":{"start":{"line":13,"column":44},"end":{"line":13,"column":56}},"7":{"start":{"line":14,"column":28},"end":{"line":14,"column":40}},"8":{"start":{"line":15,"column":32},"end":{"line":15,"column":47}},"9":{"start":{"line":16,"column":34},"end":{"line":16,"column":49}},"10":{"start":{"line":17,"column":40},"end":{"line":17,"column":51}},"11":{"start":{"line":18,"column":42},"end":{"line":18,"column":54}},"12":{"start":{"line":19,"column":24},"end":{"line":19,"column":39}},"13":{"start":{"line":21,"column":23},"end":{"line":35,"column":3}},"14":{"start":{"line":22,"column":4},"end":{"line":22,"column":23}},"15":{"start":{"line":23,"column":4},"end":{"line":34,"column":5}},"16":{"start":{"line":24,"column":6},"end":{"line":24,"column":23}},"17":{"start":{"line":25,"column":6},"end":{"line":25,"column":25}},"18":{"start":{"line":26,"column":23},"end":{"line":26,"column":88}},"19":{"start":{"line":27,"column":19},"end":{"line":27,"column":40}},"20":{"start":{"line":28,"column":6},"end":{"line":28,"column":34}},"21":{"start":{"line":29,"column":6},"end":{"line":29,"column":26}},"22":{"start":{"line":31,"column":6},"end":{"line":31,"column":24}},"23":{"start":{"line":33,"column":6},"end":{"line":33,"column":24}},"24":{"start":{"line":37,"column":21},"end":{"line":44,"column":3}},"25":{"start":{"line":38,"column":22},"end":{"line":38,"column":25}},"26":{"start":{"line":39,"column":4},"end":{"line":39,"column":52}},"27":{"start":{"line":39,"column":15},"end":{"line":39,"column":52}},"28":{"start":{"line":40,"column":4},"end":{"line":40,"column":51}},"29":{"start":{"line":40,"column":16},"end":{"line":40,"column":51}},"30":{"start":{"line":41,"column":4},"end":{"line":41,"column":48}},"31":{"start":{"line":41,"column":14},"end":{"line":41,"column":48}},"32":{"start":{"line":42,"column":4},"end":{"line":42,"column":73}},"33":{"start":{"line":42,"column":36},"end":{"line":42,"column":73}},"34":{"start":{"line":43,"column":4},"end":{"line":43,"column":23}},"35":{"start":{"line":46,"column":27},"end":{"line":48,"column":3}},"36":{"start":{"line":47,"column":4},"end":{"line":47,"column":34}},"37":{"start":{"line":50,"column":27},"end":{"line":50,"column":59}},"38":{"start":{"line":51,"column":26},"end":{"line":51,"column":57}},"39":{"start":{"line":52,"column":23},"end":{"line":52,"column":69}},"40":{"start":{"line":54,"column":19},"end":{"line":56,"column":3}},"41":{"start":{"line":55,"column":4},"end":{"line":55,"column":36}},"42":{"start":{"line":58,"column":19},"end":{"line":62,"column":3}},"43":{"start":{"line":59,"column":4},"end":{"line":61,"column":5}},"44":{"start":{"line":60,"column":6},"end":{"line":60,"column":38}},"45":{"start":{"line":64,"column":2},"end":{"line":173,"column":4}},"46":{"start":{"line":73,"column":37},"end":{"line":73,"column":61}},"47":{"start":{"line":82,"column":37},"end":{"line":82,"column":62}},"48":{"start":{"line":91,"column":37},"end":{"line":91,"column":60}},"49":{"start":{"line":123,"column":26},"end":{"line":149,"column":32}}},"fnMap":{"0":{"name":"(anonymous_0)","decl":{"start":{"line":7,"column":23},"end":{"line":7,"column":24}},"loc":{"start":{"line":7,"column":29},"end":{"line":174,"column":1}},"line":7},"1":{"name":"(anonymous_1)","decl":{"start":{"line":21,"column":23},"end":{"line":21,"column":24}},"loc":{"start":{"line":21,"column":36},"end":{"line":35,"column":3}},"line":21},"2":{"name":"(anonymous_2)","decl":{"start":{"line":37,"column":21},"end":{"line":37,"column":22}},"loc":{"start":{"line":37,"column":27},"end":{"line":44,"column":3}},"line":37},"3":{"name":"(anonymous_3)","decl":{"start":{"line":46,"column":27},"end":{"line":46,"column":28}},"loc":{"start":{"line":46,"column":34},"end":{"line":48,"column":3}},"line":46},"4":{"name":"(anonymous_4)","decl":{"start":{"line":54,"column":19},"end":{"line":54,"column":20}},"loc":{"start":{"line":54,"column":25},"end":{"line":56,"column":3}},"line":54},"5":{"name":"(anonymous_5)","decl":{"start":{"line":58,"column":19},"end":{"line":58,"column":20}},"loc":{"start":{"line":58,"column":25},"end":{"line":62,"column":3}},"line":58},"6":{"name":"(anonymous_6)","decl":{"start":{"line":73,"column":30},"end":{"line":73,"column":31}},"loc":{"start":{"line":73,"column":37},"end":{"line":73,"column":61}},"line":73},"7":{"name":"(anonymous_7)","decl":{"start":{"line":82,"column":30},"end":{"line":82,"column":31}},"loc":{"start":{"line":82,"column":37},"end":{"line":82,"column":62}},"line":82},"8":{"name":"(anonymous_8)","decl":{"start":{"line":91,"column":30},"end":{"line":91,"column":31}},"loc":{"start":{"line":91,"column":37},"end":{"line":91,"column":60}},"line":91},"9":{"name":"(anonymous_9)","decl":{"start":{"line":122,"column":40},"end":{"line":122,"column":41}},"loc":{"start":{"line":123,"column":26},"end":{"line":149,"column":32}},"line":123}},"branchMap":{"0":{"loc":{"start":{"line":39,"column":4},"end":{"line":39,"column":52}},"type":"if","locations":[{"start":{"line":39,"column":4},"end":{"line":39,"column":52}},{"start":{},"end":{}}],"line":39},"1":{"loc":{"start":{"line":40,"column":4},"end":{"line":40,"column":51}},"type":"if","locations":[{"start":{"line":40,"column":4},"end":{"line":40,"column":51}},{"start":{},"end":{}}],"line":40},"2":{"loc":{"start":{"line":41,"column":4},"end":{"line":41,"column":48}},"type":"if","locations":[{"start":{"line":41,"column":4},"end":{"line":41,"column":48}},{"start":{},"end":{}}],"line":41},"3":{"loc":{"start":{"line":42,"column":4},"end":{"line":42,"column":73}},"type":"if","locations":[{"start":{"line":42,"column":4},"end":{"line":42,"column":73}},{"start":{},"end":{}}],"line":42},"4":{"loc":{"start":{"line":59,"column":4},"end":{"line":61,"column":5}},"type":"if","locations":[{"start":{"line":59,"column":4},"end":{"line":61,"column":5}},{"start":{},"end":{}}],"line":59},"5":{"loc":{"start":{"line":112,"column":11},"end":{"line":156,"column":11}},"type":"cond-expr","locations":[{"start":{"line":113,"column":14},"end":{"line":114,"column":52}},{"start":{"line":116,"column":14},"end":{"line":156,"column":11}}],"line":112},"6":{"loc":{"start":{"line":116,"column":14},"end":{"line":156,"column":11}},"type":"cond-expr","locations":[{"start":{"line":117,"column":14},"end":{"line":117,"column":55}},{"start":{"line":119,"column":14},"end":{"line":155,"column":15}}],"line":116},"7":{"loc":{"start":{"line":119,"column":14},"end":{"line":155,"column":15}},"type":"cond-expr","locations":[{"start":{"line":120,"column":18},"end":{"line":152,"column":24}},{"start":{"line":154,"column":18},"end":{"line":154,"column":42}}],"line":119},"8":{"loc":{"start":{"line":127,"column":35},"end":{"line":140,"column":35}},"type":"cond-expr","locations":[{"start":{"line":128,"column":38},"end":{"line":132,"column":40}},{"start":{"line":135,"column":38},"end":{"line":139,"column":40}}],"line":127},"9":{"loc":{"start":{"line":145,"column":39},"end":{"line":145,"column":116}},"type":"cond-expr","locations":[{"start":{"line":145,"column":58},"end":{"line":145,"column":97}},{"start":{"line":145,"column":100},"end":{"line":145,"column":116}}],"line":145}},"s":{"0":1,"1":5,"2":5,"3":5,"4":5,"5":5,"6":5,"7":5,"8":5,"9":5,"10":5,"11":5,"12":5,"13":5,"14":0,"15":0,"16":0,"17":0,"18":0,"19":0,"20":0,"21":0,"22":0,"23":0,"24":5,"25":0,"26":0,"27":0,"28":0,"29":0,"30":0,"31":0,"32":0,"33":0,"34":0,"35":5,"36":0,"37":5,"38":5,"39":5,"40":5,"41":0,"42":5,"43":0,"44":0,"45":5,"46":1,"47":1,"48":1,"49":0},"f":{"0":5,"1":0,"2":0,"3":0,"4":0,"5":0,"6":1,"7":1,"8":1,"9":0},"b":{"0":[0,0],"1":[0,0],"2":[0,0],"3":[0,0],"4":[0,0],"5":[0,5],"6":[0,5],"7":[0,5],"8":[0,0],"9":[0,0]},"_coverageSchema":"1a1c01bbd47fc00a2c39e90264f33305004495a9","hash":"42705ec8943ae0de03e63dd5a8448b2d86eb1abd"}
}
