TN:
SF:src\App.js
FN:12,App
FN:13,(anonymous_1)
FN:18,(anonymous_2)
FN:24,(anonymous_3)
FNF:4
FNH:4
FNDA:3,App
FNDA:2,(anonymous_1)
FNDA:1,(anonymous_2)
FNDA:3,(anonymous_3)
DA:13,3
DA:14,2
DA:15,2
DA:18,3
DA:19,1
DA:20,1
DA:21,1
DA:24,3
DA:25,3
DA:26,1
DA:28,2
DA:32,3
LF:12
LH:12
BRDA:15,0,0,0
BRDA:15,0,1,2
BRDA:25,1,0,1
BRDA:25,1,1,2
BRF:4
BRH:3
end_of_record
TN:
SF:src\index.js
FNF:0
FNH:0
DA:6,0
DA:7,0
LF:2
LH:0
BRF:0
BRH:0
end_of_record
TN:
SF:src\components\ItemsPerPage.js
FN:4,(anonymous_0)
FN:10,(anonymous_1)
FNF:2
FNH:1
FNDA:14,(anonymous_0)
FNDA:0,(anonymous_1)
DA:4,1
DA:5,14
DA:10,0
LF:3
LH:2
BRF:0
BRH:0
end_of_record
TN:
SF:src\components\footer.js
FN:4,Footer
FNF:1
FNH:1
FNDA:3,Footer
DA:5,3
LF:1
LH:1
BRF:0
BRH:0
end_of_record
TN:
SF:src\components\header.js
FN:7,Header
FN:12,(anonymous_1)
FN:17,(anonymous_2)
FN:21,(anonymous_3)
FN:25,(anonymous_4)
FNF:5
FNH:2
FNDA:3,Header
FNDA:0,(anonymous_1)
FNDA:0,(anonymous_2)
FNDA:1,(anonymous_3)
FNDA:0,(anonymous_4)
DA:8,3
DA:9,3
DA:10,3
DA:12,3
DA:13,0
DA:14,0
DA:17,3
DA:18,0
DA:21,3
DA:22,1
DA:25,3
DA:26,0
DA:29,3
LF:13
LH:9
BRDA:30,0,0,1
BRDA:30,0,1,2
BRDA:30,1,0,0
BRDA:30,1,1,3
BRDA:51,2,0,1
BRDA:51,2,1,2
BRF:6
BRH:5
end_of_record
TN:
SF:src\components\pagination.js
FN:4,(anonymous_0)
FNF:1
FNH:1
FNDA:14,(anonymous_0)
DA:4,1
DA:5,14
DA:7,14
LF:3
LH:3
BRDA:11,0,0,14
BRDA:11,0,1,0
BRDA:17,1,0,0
BRDA:17,1,1,14
BRF:4
BRH:2
end_of_record
TN:
SF:src\pages\home.js
FN:4,(anonymous_0)
FN:9,(anonymous_1)
FN:10,(anonymous_2)
FN:32,(anonymous_3)
FNF:4
FNH:3
FNDA:3,(anonymous_0)
FNDA:2,(anonymous_1)
FNDA:2,(anonymous_2)
FNDA:0,(anonymous_3)
DA:4,1
DA:5,3
DA:6,3
DA:7,3
DA:9,3
DA:10,2
DA:11,2
DA:12,2
DA:13,0
DA:14,0
DA:15,0
DA:17,0
DA:18,0
DA:22,2
DA:25,3
DA:33,0
LF:16
LH:10
BRDA:28,0,0,3
BRDA:28,0,1,3
BRDA:30,1,0,3
BRDA:30,1,1,0
BRF:4
BRH:3
end_of_record
TN:
SF:src\pages\oeuvresPage.js
FN:4,(anonymous_0)
FN:11,(anonymous_1)
FN:20,(anonymous_2)
FN:21,(anonymous_3)
FNF:4
FNH:3
FNDA:0,(anonymous_0)
FNDA:1,(anonymous_1)
FNDA:1,(anonymous_2)
FNDA:1,(anonymous_3)
DA:4,1
DA:5,0
DA:6,0
DA:7,0
DA:8,0
DA:11,1
DA:12,1
DA:13,1
DA:14,1
DA:15,1
DA:16,1
DA:17,1
DA:18,1
DA:20,1
DA:21,1
DA:22,1
DA:23,1
DA:26,0
DA:27,0
DA:28,0
DA:35,0
DA:36,0
DA:38,0
DA:39,0
DA:40,0
DA:41,0
DA:43,0
DA:44,0
DA:45,0
DA:47,0
DA:50,0
DA:51,0
DA:52,0
DA:56,1
DA:59,1
DA:60,1
DA:63,0
DA:64,0
DA:67,0
DA:68,0
DA:71,0
DA:73,0
LF:42
LH:16
BRDA:5,0,0,0
BRDA:5,0,1,0
BRDA:30,1,0,0
BRDA:30,1,1,0
BRDA:33,2,0,0
BRDA:33,2,1,0
BRDA:43,3,0,0
BRDA:43,3,1,0
BRDA:43,4,0,0
BRDA:43,4,1,0
BRDA:44,5,0,0
BRDA:44,5,1,0
BRDA:59,6,0,1
BRDA:59,6,1,0
BRDA:63,7,0,0
BRDA:63,7,1,0
BRDA:67,8,0,0
BRDA:67,8,1,0
BRDA:77,9,0,0
BRDA:77,9,1,0
BRF:20
BRH:1
end_of_record
TN:
SF:src\pages\pageNotFound.js
FN:3,(anonymous_0)
FNF:1
FNH:0
FNDA:0,(anonymous_0)
DA:3,1
DA:4,0
LF:2
LH:1
BRF:0
BRH:0
end_of_record
TN:
SF:src\pages\recherche.js
FN:7,(anonymous_0)
FN:18,(anonymous_1)
FN:19,(anonymous_2)
FN:36,(anonymous_3)
FN:37,(anonymous_4)
FN:41,(anonymous_5)
FN:58,(anonymous_6)
FN:62,(anonymous_7)
FN:79,(anonymous_8)
FNF:9
FNH:7
FNDA:9,(anonymous_0)
FNDA:3,(anonymous_1)
FNDA:3,(anonymous_2)
FNDA:3,(anonymous_3)
FNDA:3,(anonymous_4)
FNDA:3,(anonymous_5)
FNDA:0,(anonymous_6)
FNDA:0,(anonymous_7)
FNDA:2,(anonymous_8)
DA:7,1
DA:8,9
DA:9,9
DA:10,9
DA:11,9
DA:12,9
DA:13,9
DA:14,9
DA:15,9
DA:16,9
DA:18,9
DA:19,3
DA:20,3
DA:21,3
DA:22,3
DA:23,3
DA:24,2
DA:25,2
DA:27,1
DA:29,3
DA:33,3
DA:36,9
DA:37,3
DA:38,3
DA:39,3
DA:40,3
DA:41,3
DA:42,0
DA:44,0
DA:45,0
DA:49,3
DA:52,9
DA:53,9
DA:54,9
DA:56,9
DA:58,9
DA:59,0
DA:62,9
DA:63,0
DA:64,0
DA:68,9
DA:80,2
LF:42
LH:36
BRDA:63,0,0,0
BRDA:63,0,1,0
BRDA:70,1,0,6
BRDA:70,1,1,3
BRDA:73,2,0,1
BRDA:73,2,1,2
BRDA:76,3,0,1
BRDA:76,3,1,1
BRDA:84,4,0,2
BRDA:84,4,1,0
BRDA:101,5,0,2
BRDA:101,5,1,0
BRF:12
BRH:8
end_of_record
TN:
SF:src\pages\rechercheAvancée.js
FN:7,(anonymous_0)
FN:21,(anonymous_1)
FN:37,(anonymous_2)
FN:46,(anonymous_3)
FN:54,(anonymous_4)
FN:58,(anonymous_5)
FN:73,(anonymous_6)
FN:82,(anonymous_7)
FN:91,(anonymous_8)
FN:122,(anonymous_9)
FNF:10
FNH:4
FNDA:5,(anonymous_0)
FNDA:0,(anonymous_1)
FNDA:0,(anonymous_2)
FNDA:0,(anonymous_3)
FNDA:0,(anonymous_4)
FNDA:0,(anonymous_5)
FNDA:1,(anonymous_6)
FNDA:1,(anonymous_7)
FNDA:1,(anonymous_8)
FNDA:0,(anonymous_9)
DA:7,1
DA:8,5
DA:9,5
DA:10,5
DA:11,5
DA:12,5
DA:13,5
DA:14,5
DA:15,5
DA:16,5
DA:17,5
DA:18,5
DA:19,5
DA:21,5
DA:22,0
DA:23,0
DA:24,0
DA:25,0
DA:26,0
DA:27,0
DA:28,0
DA:29,0
DA:31,0
DA:33,0
DA:37,5
DA:38,0
DA:39,0
DA:40,0
DA:41,0
DA:42,0
DA:43,0
DA:46,5
DA:47,0
DA:50,5
DA:51,5
DA:52,5
DA:54,5
DA:55,0
DA:58,5
DA:59,0
DA:60,0
DA:64,5
DA:73,1
DA:82,1
DA:91,1
DA:123,0
LF:46
LH:25
BRDA:39,0,0,0
BRDA:39,0,1,0
BRDA:40,1,0,0
BRDA:40,1,1,0
BRDA:41,2,0,0
BRDA:41,2,1,0
BRDA:42,3,0,0
BRDA:42,3,1,0
BRDA:59,4,0,0
BRDA:59,4,1,0
BRDA:112,5,0,0
BRDA:112,5,1,5
BRDA:116,6,0,0
BRDA:116,6,1,5
BRDA:119,7,0,0
BRDA:119,7,1,5
BRDA:127,8,0,0
BRDA:127,8,1,0
BRDA:145,9,0,0
BRDA:145,9,1,0
BRF:20
BRH:3
end_of_record
